Arguments: 
  /usr/local/bin/node /usr/local/bin/yarn add webpack

PATH: 
  /Users/hgw/opt/miniconda3/bin:/Library/Frameworks/Python.framework/Versions/3.8/bin:/Library/Frameworks/Python.framework/Versions/3.7/bin:/usr/local/bin:/usr/bin:/bin:/usr/sbin:/sbin:/Library/Apple/usr/bin

Yarn version: 
  1.22.4

Node version: 
  14.4.0

Platform: 
  darwin x64

Trace: 
  Error: getaddrinfo ENOTFOUND registry.npm.taobao.org
      at GetAddrInfoReqWrap.onlookup [as oncomplete] (dns.js:66:26)

npm manifest: 
  {
    "name": "opc",
    "version": "1.0.0",
    "description": "online pc",
    "main": "main.js",
    "scripts": {
      "test": "echo \"Error: no test specified\" && exit 1",
      "dev": "webpack-dev-server"
    },
    "repository": {
      "type": "git",
      "url": "git+https://github.com/iceream/opc.git"
    },
    "author": "",
    "license": "ISC",
    "bugs": {
      "url": "https://github.com/iceream/opc/issues"
    },
    "homepage": "https://github.com/iceream/opc#readme",
    "devDependencies": {},
    "dependencies": {
      "html-webpack-plugin": "^4.5.0",
      "webpack": "^5.4.0",
      "webpack-cli": "^4.2.0",
      "webpack-dev-server": "^3.11.0"
    }
  }

yarn manifest: 
  No manifest

Lockfile: 
  No lockfile
